2021-07-06T00:14:22.115Z|main => "Initializing loop..."
2021-07-06T00:14:22.118Z|main => "waiting 10 seconds"
2021-07-06T00:14:32.292Z|main => "Successfully bought $10 worth of MATIC."
2021-07-06T00:14:32.379Z|main => "Successfully bought $10 worth of BNB."
2021-07-06T00:14:32.421Z|main => "Successfully bought $10 worth of ETH."
2021-07-06T00:14:32.424Z|main => "waiting 10 seconds"
2021-07-06T00:14:42.539Z|main => "Successfully bought $10 worth of MATIC."
2021-07-06T00:14:42.674Z|main => "Successfully bought $10 worth of BNB."
2021-07-06T00:14:42.714Z|main => "Successfully bought $10 worth of ETH."
2021-07-06T00:14:42.714Z|main => "waiting 10 seconds"
2021-07-06T00:37:05.261Z|main => "Initializing loop..."
2021-07-06T00:37:05.262Z|main => "waiting 86400 seconds"
2021-07-07T00:37:06.045Z|main => "Successfully bought $10 worth of MATIC."
2021-07-07T00:37:06.260Z|main => "Successfully bought $10 worth of BNB."
2021-07-07T00:37:06.514Z|main => "Successfully bought $10 worth of ETH."
2021-07-07T00:37:06.514Z|main => "waiting 86400 seconds"
2021-07-08T00:37:08.285Z|main => "Successfully bought $10 worth of MATIC."
2021-07-08T00:37:08.537Z|main => "Successfully bought $10 worth of BNB."
2021-07-08T00:37:08.786Z|main => "Successfully bought $10 worth of ETH."
2021-07-08T00:37:08.787Z|main => "waiting 86400 seconds"
2021-07-09T00:37:09.535Z|main => "Successfully bought $10 worth of MATIC."
2021-07-09T00:37:10.069Z|main => "Successfully bought $10 worth of BNB."
2021-07-09T00:37:10.286Z|main => "Successfully bought $10 worth of ETH."
2021-07-09T00:37:10.287Z|main => "waiting 86400 seconds"
2021-07-10T00:37:10.790Z|main => "Successfully bought $10 worth of MATIC."
2021-07-10T00:37:11.048Z|main => "Successfully bought $10 worth of BNB."
2021-07-10T00:37:11.559Z|main => "Successfully bought $10 worth of ETH."
2021-07-10T00:37:11.560Z|main => "waiting 86400 seconds"
2021-07-11T00:37:12.289Z|main => "Successfully bought $10 worth of MATIC."
2021-07-11T00:37:12.536Z|main => "Successfully bought $10 worth of BNB."
2021-07-11T00:37:12.815Z|main => "Successfully bought $10 worth of ETH."
2021-07-11T00:37:12.816Z|main => "waiting 86400 seconds"
2021-07-12T00:37:13.291Z|main => "Successfully bought $10 worth of MATIC."
2021-07-12T00:37:13.562Z|main => "Successfully bought $10 worth of BNB."
2021-07-12T00:37:13.787Z|main => "Successfully bought $10 worth of ETH."
2021-07-12T00:37:13.787Z|main => "waiting 86400 seconds"
2021-07-13T00:37:14.289Z|main => "Successfully bought $10 worth of MATIC."
2021-07-13T00:37:14.536Z|main => "Successfully bought $10 worth of BNB."
2021-07-13T00:37:14.786Z|main => "Successfully bought $10 worth of ETH."
2021-07-13T00:37:14.787Z|main => "waiting 86400 seconds"
2021-07-14T00:37:15.789Z|main => "Successfully bought $10 worth of MATIC."
2021-07-14T00:37:16.534Z|main => "Successfully bought $10 worth of BNB."
2021-07-14T00:37:17.285Z|main => "Successfully bought $10 worth of ETH."
2021-07-14T00:37:17.299Z|main => "waiting 86400 seconds"
2021-07-15T00:37:19.285Z|main => "Successfully bought $10 worth of MATIC."
2021-07-15T00:37:19.541Z|main => "Successfully bought $10 worth of BNB."
2021-07-15T00:37:19.788Z|main => "Successfully bought $10 worth of ETH."
2021-07-15T00:37:19.790Z|main => "waiting 86400 seconds"
2021-07-16T00:37:21.039Z|main => "Successfully bought $10 worth of MATIC."
2021-07-16T00:37:21.303Z|main => "Successfully bought $10 worth of BNB."
2021-07-16T00:37:21.804Z|main => "Successfully bought $10 worth of ETH."
2021-07-16T00:37:21.805Z|main => "waiting 86400 seconds"
2021-07-17T00:37:22.553Z|main => "Successfully bought $10 worth of MATIC."
2021-07-17T00:37:22.818Z|main => "Successfully bought $10 worth of BNB."
2021-07-17T00:37:23.081Z|main => "Successfully bought $10 worth of ETH."
2021-07-17T00:37:23.082Z|main => "waiting 86400 seconds"
2021-07-18T00:37:24.820Z|main => "Successfully bought $10 worth of MATIC."
2021-07-18T00:37:25.287Z|main => "Successfully bought $10 worth of BNB."
2021-07-18T00:37:25.801Z|main => "Successfully bought $10 worth of ETH."
2021-07-18T00:37:25.802Z|main => "waiting 86400 seconds"
2021-07-19T00:37:28.298Z|main => "Successfully bought $10 worth of MATIC."
2021-07-19T00:37:28.790Z|main => "Successfully bought $10 worth of BNB."
2021-07-19T00:37:29.074Z|main => "Successfully bought $10 worth of ETH."
2021-07-19T00:37:29.075Z|main => "waiting 86400 seconds"
2021-07-20T00:37:32.875Z|main => "Successfully bought $10 worth of MATIC."
2021-07-20T00:37:33.131Z|main => "Successfully bought $10 worth of BNB."
2021-07-20T00:37:33.395Z|main => "Successfully bought $10 worth of ETH."
2021-07-20T00:37:33.396Z|main => "waiting 86400 seconds"
2021-07-21T00:37:34.621Z|main => "Successfully bought $10 worth of MATIC."
2021-07-21T00:37:35.092Z|main => "Successfully bought $10 worth of BNB."
2021-07-21T00:37:35.337Z|main => "Successfully bought $10 worth of ETH."
2021-07-21T00:37:35.338Z|main => "waiting 86400 seconds"
2021-07-22T00:37:36.372Z|main => "Successfully bought $10 worth of MATIC."
2021-07-22T00:37:36.847Z|main => "Successfully bought $10 worth of BNB."
2021-07-22T00:37:37.336Z|main => "Successfully bought $10 worth of ETH."
2021-07-22T00:37:37.337Z|main => "waiting 86400 seconds"
2021-07-23T00:37:48.621Z|main => "Successfully bought $10 worth of MATIC."
2021-07-23T00:37:49.629Z|main => "Successfully bought $10 worth of BNB."
2021-07-23T00:37:49.883Z|main => "Successfully bought $10 worth of ETH."
2021-07-23T00:37:49.885Z|main => "waiting 86400 seconds"
2021-07-24T00:37:50.859Z|main => "Successfully bought $10 worth of MATIC."
2021-07-24T00:37:51.360Z|main => "Successfully bought $10 worth of BNB."
2021-07-24T00:37:51.612Z|main => "Successfully bought $10 worth of ETH."
2021-07-24T00:37:51.613Z|main => "waiting 86400 seconds"
